------------------------------------------------------------
Server listening on UDP port 5001
Receiving 1470 byte datagrams
UDP buffer size:  208 KByte (default)
------------------------------------------------------------
[  3] local 10.0.0.14 port 5001 connected with 10.0.0.6 port 57029
[ ID] Interval       Transfer     Bandwidth        Jitter   Lost/Total Datagrams
[  3]  0.0- 1.0 sec  2.32 MBytes  19.5 Mbits/sec   0.034 ms 1397/ 3051 (46%)
[  3]  0.0- 1.0 sec  6 datagrams received out-of-order
[  3]  1.0- 2.0 sec  1.94 MBytes  16.3 Mbits/sec   0.303 ms 1461/ 2843 (51%)
[  3]  2.0- 3.0 sec   164 KBytes  1.34 Mbits/sec   0.309 ms  120/  234 (51%)
[  3]  3.0- 4.0 sec  0.00 Bytes  0.00 bits/sec   0.309 ms    0/    0 (-nan%)
[  3]  4.0- 5.0 sec  0.00 Bytes  0.00 bits/sec   0.309 ms    0/    0 (-nan%)
[  3]  5.0- 6.0 sec  0.00 Bytes  0.00 bits/sec   0.309 ms    0/    0 (-nan%)
[  3]  6.0- 7.0 sec  0.00 Bytes  0.00 bits/sec   0.309 ms    0/    0 (-nan%)
[  3]  7.0- 8.0 sec  0.00 Bytes  0.00 bits/sec   0.309 ms    0/    0 (-nan%)
[  3]  8.0- 9.0 sec  0.00 Bytes  0.00 bits/sec   0.309 ms    0/    0 (-nan%)
[  3]  9.0-10.0 sec  1.44 KBytes  11.8 Kbits/sec   0.343 ms 25632/25633 (1e+02%)
[  3] 10.0-11.0 sec  1.44 KBytes  11.8 Kbits/sec   0.328 ms 1676/ 1677 (1e+02%)
[  3]  0.0-11.8 sec  4.42 MBytes  3.14 Mbits/sec  93.940 ms 30860/34013 (91%)
[  3]  0.0-11.8 sec  6 datagrams received out-of-order
